#
# There is insufficient memory for the Java Runtime Environment to continue.
# Native memory allocation (mmap) failed to map 266338304 bytes for Failed to commit area from 0x0000000702000000 to 0x0000000711e00000 of length 266338304.
# Possible reasons:
#   The system is out of physical RAM or swap space
#   The process is running with CompressedOops enabled, and the Java Heap may be blocking the growth of the native heap
# Possible solutions:
#   Reduce memory load on the system
#   Increase physical memory or swap space
#   Check if swap backing store is full
#   Decrease Java heap size (-Xmx/-Xms)
#   Decrease number of Java threads
#   Decrease Java thread stack sizes (-Xss)
#   Set larger code cache with -XX:ReservedCodeCacheSize=
# This output file may be truncated or incomplete.
#
#  Out of Memory Error (c:/BuildAgent/work/5ff2f6c26000d570/src/hotspot/os/windows/os_windows.cpp:3281), pid=67884, tid=67592
#
# JRE version:  (11.0.4+10) (build )
# Java VM: OpenJDK 64-Bit Server VM (11.0.4+10-b304.77, mixed mode, aot, sharing, tiered, compressed oops, g1 gc, windows-amd64)
# No core dump will be written. Minidumps are not enabled by default on client versions of Windows
#

---------------  S U M M A R Y ------------

Command Line: org.jetbrains.git4idea.http.GitAskPassApp Username for 'https://gitee.com': 

Host: Intel(R) Core(TM) i5-8400 CPU @ 2.80GHz, 6 cores, 15G,  Windows 10 , 64 bit Build 18362 (10.0.18362.1110)
Time: Thu Dec 31 09:53:33 2020 ?D1¨²¡À¨º¡Á?¨º¡À?? elapsed time: 0 seconds (0d 0h 0m 0s)

---------------  T H R E A D  ---------------

Current thread (0x000002110a294800):  JavaThread "Unknown thread" [_thread_in_vm, id=67592, stack(0x000000c962900000,0x000000c962a00000)]

Stack: [0x000000c962900000,0x000000c962a00000]
Native frames: (J=compiled Java code, j=interpreted, Vv=VM code, C=native code)
V  [jvm.dll+0x5db31a]
V  [jvm.dll+0x70c395]
V  [jvm.dll+0x70d8b8]
V  [jvm.dll+0x70df83]
V  [jvm.dll+0x23dbb8]
V  [jvm.dll+0x5d8a74]
V  [jvm.dll+0x5cdb05]
V  [jvm.dll+0x2fa5bb]
V  [jvm.dll+0x2fa52a]
V  [jvm.dll+0x2fa402]
V  [jvm.dll+0x2ff2c6]
V  [jvm.dll+0x347893]
V  [jvm.dll+0x347f96]
V  [jvm.dll+0x347993]
V  [jvm.dll+0x2d4e28]
V  [jvm.dll+0x2d5fd7]
V  [jvm.dll+0x6eb717]
V  [jvm.dll+0x6ecf0c]
V  [jvm.dll+0x354fb9]
V  [jvm.dll+0x6d35be]
V  [jvm.dll+0x3bd673]
V  [jvm.dll+0x3bf9f1]
C  [java.exe+0x3763]
C  [java.exe+0x17a0c]
C  [KERNEL32.DLL+0x17c24]
C  [ntdll.dll+0x6d4d1]


---------------  P R O C E S S  ---------------

Threads class SMR info:
_java_thread_list=0x00000211080a6d50, length=0, elements={
}

Java Threads: ( => current thread )

Other Threads:
  0x000002110a2ac000 GCTaskThread "GC Thread#0" [stack: 0x000000c962a00000,0x000000c962b00000] [id=67612]
  0x000002110a309000 ConcurrentGCThread "G1 Main Marker" [stack: 0x000000c962b00000,0x000000c962c00000] [id=24212]
  0x000002110a30a000 ConcurrentGCThread "G1 Conc#0" [stack: 0x000000c962c00000,0x000000c962d00000] [id=61540]

[error occurred during error reporting (printing all threads), id 0xc0000005, EXCEPTION_ACCESS_VIOLATION (0xc0000005) at pc=0x00007ff93f145727]

VM state:not at safepoint (not fully initialized)

VM Mutex/Monitor currently owned by a thread:  ([mutex/lock_event])
[0x000002110a2916d0] Heap_lock - owner thread: 0x000002110a294800

Heap address: 0x0000000702000000, size: 4064 MB, Compressed Oops mode: Non-zero based: 0x0000000702000000
Narrow klass base: 0x0000000000000000, Narrow klass shift: 0

GC Heap History (0 events):
No events

Deoptimization events (0 events):
No events

Classes redefined (0 events):
No events

Internal exceptions (0 events):
No events

Events (0 events):
No events


Dynamic libraries:
0x00007ff6c0040000 - 0x00007ff6c0087000 	D:\Program Files\JetBrains\IntelliJ IDEA 2019.2.4\jbr\bin\java.exe
0x00007ff976800000 - 0x00007ff9769f0000 	C:\Windows\SYSTEM32\ntdll.dll
0x00007ff974f30000 - 0x00007ff974fe2000 	C:\Windows\System32\KERNEL32.DLL
0x00007ff973b00000 - 0x00007ff973da5000 	C:\Windows\System32\KERNELBASE.dll
0x00007ff975bd0000 - 0x00007ff975d64000 	C:\Windows\System32\USER32.dll
0x00007ff973a50000 - 0x00007ff973a71000 	C:\Windows\System32\win32u.dll
0x00007ff975780000 - 0x00007ff9757a6000 	C:\Windows\System32\GDI32.dll
0x00007ff973860000 - 0x00007ff9739f6000 	C:\Windows\System32\gdi32full.dll
0x00007ff973db0000 - 0x00007ff973e4e000 	C:\Windows\System32\msvcp_win.dll
0x00007ff9745e0000 - 0x00007ff9746da000 	C:\Windows\System32\ucrtbase.dll
0x00007ff9625b0000 - 0x00007ff962834000 	C:\Windows\WinSxS\amd64_microsoft.windows.common-controls_6595b64144ccf1df_6.0.18362.1198_none_9e820b57e45ad92f\COMCTL32.dll
0x00007ff975630000 - 0x00007ff9756ce000 	C:\Windows\System32\msvcrt.dll
0x00007ff9752f0000 - 0x00007ff975625000 	C:\Windows\System32\combase.dll
0x00007ff975820000 - 0x00007ff975940000 	C:\Windows\System32\RPCRT4.dll
0x00007ff973a80000 - 0x00007ff973b00000 	C:\Windows\System32\bcryptPrimitives.dll
0x00007ff975b90000 - 0x00007ff975bbe000 	C:\Windows\System32\IMM32.DLL
0x00007ff96ec30000 - 0x00007ff96ec47000 	D:\Program Files\JetBrains\IntelliJ IDEA 2019.2.4\jbr\bin\vcruntime140.dll
0x00007ff96d6a0000 - 0x00007ff96d73d000 	D:\Program Files\JetBrains\IntelliJ IDEA 2019.2.4\jbr\bin\msvcp140.dll
0x00007ff93ee60000 - 0x00007ff93f918000 	D:\Program Files\JetBrains\IntelliJ IDEA 2019.2.4\jbr\bin\server\jvm.dll
0x00007ff974a00000 - 0x00007ff974aa3000 	C:\Windows\System32\ADVAPI32.dll
0x00007ff975af0000 - 0x00007ff975b87000 	C:\Windows\System32\sechost.dll
0x00007ff976670000 - 0x00007ff976678000 	C:\Windows\System32\PSAPI.DLL
0x00007ff9702d0000 - 0x00007ff9702d9000 	C:\Windows\SYSTEM32\WSOCK32.dll
0x00007ff970330000 - 0x00007ff970354000 	C:\Windows\SYSTEM32\WINMM.dll
0x00007ff966090000 - 0x00007ff96609a000 	C:\Windows\SYSTEM32\VERSION.dll
0x00007ff9757b0000 - 0x00007ff97581f000 	C:\Windows\System32\WS2_32.dll
0x00007ff970300000 - 0x00007ff97032d000 	C:\Windows\SYSTEM32\WINMMBASE.dll
0x00007ff973a00000 - 0x00007ff973a4a000 	C:\Windows\System32\cfgmgr32.dll
0x00007ff9736c0000 - 0x00007ff9736d1000 	C:\Windows\System32\kernel.appcore.dll
0x00007ff9702b0000 - 0x00007ff9702c1000 	D:\Program Files\JetBrains\IntelliJ IDEA 2019.2.4\jbr\bin\verify.dll
0x00007ff965410000 - 0x00007ff965604000 	C:\Windows\SYSTEM32\DBGHELP.DLL
0x00007ff9649c0000 - 0x00007ff9649ea000 	C:\Windows\SYSTEM32\dbgcore.DLL
0x00007ff970280000 - 0x00007ff9702a9000 	D:\Program Files\JetBrains\IntelliJ IDEA 2019.2.4\jbr\bin\java.dll
0x00007ff970220000 - 0x00007ff970237000 	D:\Program Files\JetBrains\IntelliJ IDEA 2019.2.4\jbr\bin\zip.dll
0x00007ff970210000 - 0x00007ff97021b000 	D:\Program Files\JetBrains\IntelliJ IDEA 2019.2.4\jbr\bin\jimage.dll

dbghelp: loaded successfully - version: 4.0.5 - missing functions: none
symbol engine: initialized successfully - sym options: 0x614 - pdb path: .;D:\Program Files\JetBrains\IntelliJ IDEA 2019.2.4\jbr\bin;C:\Windows\SYSTEM32;C:\Windows\WinSxS\amd64_microsoft.windows.common-controls_6595b64144ccf1df_6.0.18362.1198_none_9e820b57e45ad92f;D:\Program Files\JetBrains\IntelliJ IDEA 2019.2.4\jbr\bin\server

VM Arguments:
java_command: org.jetbrains.git4idea.http.GitAskPassApp Username for 'https://gitee.com': 
java_class_path (initial): D:/Program Files/JetBrains/IntelliJ IDEA 2019.2.4/plugins/git4idea/lib/git4idea-rt.jar;D:/Program Files/JetBrains/IntelliJ IDEA 2019.2.4/lib/xmlrpc-2.0.1.jar;D:/Program Files/JetBrains/IntelliJ IDEA 2019.2.4/lib/commons-codec-1.13.jar;D:/Program Files/JetBrains/IntelliJ IDEA 2019.2.4/lib/util.jar
Launcher Type: SUN_STANDARD

[Global flags]
     intx CICompilerCount                          = 3                                         {product} {ergonomic}
     uint ConcGCThreads                            = 2                                         {product} {ergonomic}
     uint G1ConcRefinementThreads                  = 6                                         {product} {ergonomic}
   size_t G1HeapRegionSize                         = 1048576                                   {product} {ergonomic}
    uintx GCDrainStackTargetSize                   = 64                                        {product} {ergonomic}
   size_t InitialHeapSize                          = 266338304                                 {product} {ergonomic}
   size_t MarkStackSize                            = 4194304                                   {product} {ergonomic}
   size_t MaxHeapSize                              = 4261412864                                {product} {ergonomic}
   size_t MinHeapDeltaBytes                        = 1048576                                   {product} {ergonomic}
    uintx NonNMethodCodeHeapSize                   = 5830092                                {pd product} {ergonomic}
    uintx NonProfiledCodeHeapSize                  = 122914074                              {pd product} {ergonomic}
    uintx ProfiledCodeHeapSize                     = 122914074                              {pd product} {ergonomic}
    uintx ReservedCodeCacheSize                    = 251658240                              {pd product} {ergonomic}
     bool SegmentedCodeCache                       = true                                      {product} {ergonomic}
     bool UseCompressedClassPointers               = true                                 {lp64_product} {ergonomic}
     bool UseCompressedOops                        = true                                 {lp64_product} {ergonomic}
     bool UseG1GC                                  = true                                      {product} {ergonomic}
     bool UseLargePagesIndividualAllocation        = false                                  {pd product} {ergonomic}

Logging:
Log output configuration:
 #0: stdout all=warning uptime,level,tags
 #1: stderr all=off uptime,level,tags

Environment Variables:
JAVA_HOME=D:\Program Files\Java\jdk1.8.0_91\
PATH=C:/Program Files/Git/mingw64/libexec/git-core;C:/Program Files/Git/mingw64/libexec/git-core;C:\Program Files\Git\mingw64\bin;C:\Program Files\Git\usr\bin;C:\Users\zhouj\bin;C:\ProgramData\Oracle\Java\javapath;C:\Windows\system32;C:\Windows;C:\Windows\System32\Wbem;C:\Windows\System32\WindowsPowerShell\v1.0\;C:\Windows\System32\OpenSSH\;D:\Program Files\Java\jdk1.8.0_91\\bin;D:\Program Files\Java\jdk1.8.0_91\\jre\bin;D:\Program Files\OpenVPN\bin;C:\Program Files\Git\cmd;C:\Program Files\TortoiseGit\bin;C:\Program Files\OpenVPN\bin;D:\Program Files\JetBrains\IntelliJ IDEA 2019.2.4\plugins\maven\lib\maven3\bin;C:\Program Files\Docker\Docker\resources\bin;C:\ProgramData\DockerDesktop\version-bin;D:\mysql-5.7.31\bin;C:\Program Files\dotnet\;C:\Program Files\Microsoft SQL Server\130\Tools\Binn\;C:\Program Files\Microsoft SQL Server\Client SDK\ODBC\170\Tools\Binn\;C:\Program Files\nodejs\;C:\Users\zhouj\.windows-build-tools\python27\;D:\Python64\Python39\Scripts\;D:\Python64\Python39\;C:\Users\zhouj\AppData\Local\Microsoft\WindowsApps;C:\Program Files\Bandizip\;C:\Users\zhouj\AppData\Local\Programs\Microsoft VS Code\bin;C:\Users\zhouj\.dotnet\tools;C:\Users\zhouj\AppData\Roaming\npm
USERNAME=zhouj
DISPLAY=:0.0
OS=Windows_NT
PROCESSOR_IDENTIFIER=Intel64 Family 6 Model 158 Stepping 10, GenuineIntel



---------------  S Y S T E M  ---------------

OS: Windows 10 , 64 bit Build 18362 (10.0.18362.1110)

CPU:total 6 (initial active 6) (6 cores per cpu, 1 threads per core) family 6 model 158 stepping 10, cmov, cx8, fxsr, mmx, sse, sse2, sse3, ssse3, sse4.1, sse4.2, popcnt, avx, avx2, aes, clmul, erms, 3dnowpref, lzcnt, tsc, tscinvbit, bmi1, bmi2, adx, fma

Memory: 4k page, system-wide physical 16250M (2916M free)
TotalPageFile size 38522M (AvailPageFile size 189M)
current process WorkingSet (physical memory assigned to process): 10M, peak: 10M
current process commit charge ("private bytes"): 56M, peak: 310M

vm_info: OpenJDK 64-Bit Server VM (11.0.4+10-b304.77) for windows-amd64 JRE (11.0.4+10-b304.77), built on Oct 10 2019 15:02:36 by "" with MS VC++ 14.0 (VS2015)

END.
